Copyright 1986-2017 Xilinx, Inc. All Rights Reserved.
---------------------------------------------------------------------------------------------
| Tool Version : Vivado v.2017.4 (win64) Build 2086221 Fri Dec 15 20:55:39 MST 2017
| Date         : Sun Sep 18 16:25:29 2022
| Host         : DESKTOP-3I9R82P running 64-bit major release  (build 9200)
| Command      : report_control_sets -verbose -file ControleContador_control_sets_placed.rpt
| Design       : ControleContador
| Device       : xc7a35t
---------------------------------------------------------------------------------------------

Control Set Information

Table of Contents
-----------------
1. Summary
2. Flip-Flop Distribution
3. Detailed Control Set Information

1. Summary
----------

+----------------------------------------------------------+-------+
|                          Status                          | Count |
+----------------------------------------------------------+-------+
| Number of unique control sets                            |    12 |
| Unused register locations in slices containing registers |    82 |
+----------------------------------------------------------+-------+


2. Flip-Flop Distribution
-------------------------

+--------------+-----------------------+------------------------+-----------------+--------------+
| Clock Enable | Synchronous Set/Reset | Asynchronous Set/Reset | Total Registers | Total Slices |
+--------------+-----------------------+------------------------+-----------------+--------------+
| No           | No                    | No                     |               0 |            0 |
| No           | No                    | Yes                    |               5 |            4 |
| No           | Yes                   | No                     |               4 |            4 |
| Yes          | No                    | No                     |               0 |            0 |
| Yes          | No                    | Yes                    |               5 |            4 |
| Yes          | Yes                   | No                     |               0 |            0 |
+--------------+-----------------------+------------------------+-----------------+--------------+


3. Detailed Control Set Information
-----------------------------------

+-----------------------------------+-------------------+----------------------------------+------------------+----------------+
|            Clock Signal           |   Enable Signal   |         Set/Reset Signal         | Slice Load Count | Bel Load Count |
+-----------------------------------+-------------------+----------------------------------+------------------+----------------+
|  CIcontador/sQ_reg[0]_LDC_i_1_n_0 |                   | CIcontador/sQ_reg[0]_LDC_i_2_n_0 |                1 |              1 |
|  CIcontador/sQ_reg[1]_LDC_i_1_n_0 |                   | CIcontador/sQ_reg[1]_LDC_i_2_n_0 |                1 |              1 |
|  CIcontador/sQ_reg[2]_LDC_i_1_n_0 |                   | CIcontador/sQ_reg[2]_LDC_i_2_n_0 |                1 |              1 |
|  CLK                              |                   | CIcontador/sQ_reg[0]_LDC_i_2_n_0 |                1 |              1 |
|  CLK                              |                   | CIcontador/sQ_reg[1]_LDC_i_2_n_0 |                1 |              1 |
|  CLK                              |                   | CIcontador/sQ_reg[2]_LDC_i_2_n_0 |                1 |              1 |
|  CLK                              | CIcontador/p_2_in | CIcontador/sQ_reg[0]_LDC_i_1_n_0 |                1 |              1 |
|  CLK                              | CIcontador/p_2_in | CIcontador/sQ_reg[1]_LDC_i_1_n_0 |                1 |              1 |
|  CLK                              | CIcontador/p_2_in | CIcontador/sQ_reg[2]_LDC_i_1_n_0 |                1 |              1 |
|  CIcontador/sQ_reg[4]_LDC_i_1_n_0 |                   | CIcontador/sQ_reg[4]_LDC_i_2_n_0 |                1 |              1 |
|  CLK                              |                   | CIcontador/sQ_reg[4]_LDC_i_2_n_0 |                1 |              2 |
|  CLK                              | CIcontador/p_2_in | CIcontador/sQ_reg[4]_LDC_i_1_n_0 |                1 |              2 |
+-----------------------------------+-------------------+----------------------------------+------------------+----------------+


+--------+-----------------------+
| Fanout | Number of ControlSets |
+--------+-----------------------+
| 1      |                    10 |
| 2      |                     2 |
+--------+-----------------------+


