
*** Running vivado
    with args -log Controlador_Farol.vds -m64 -product Vivado -mode batch -messageDb vivado.pb -notrace -source Controlador_Farol.tcl


****** Vivado v2017.4 (64-bit)
  **** SW Build 2086221 on Fri Dec 15 20:55:39 MST 2017
  **** IP Build 2085800 on Fri Dec 15 22:25:07 MST 2017
    ** Copyright 1986-2017 Xilinx, Inc. All Rights Reserved.

source Controlador_Farol.tcl -notrace
Command: synth_design -top Controlador_Farol -part xc7a35tcpg236-1
Starting synth_design
Attempting to get a license for feature 'Synthesis' and/or device 'xc7a35t'
INFO: [Common 17-349] Got license for feature 'Synthesis' and/or device 'xc7a35t'
INFO: Launching helper process for spawning children vivado processes
INFO: Helper process launched with PID 15156 
---------------------------------------------------------------------------------
Starting RTL Elaboration : Time (s): cpu = 00:00:05 ; elapsed = 00:00:05 . Memory (MB): peak = 346.191 ; gain = 100.520
---------------------------------------------------------------------------------
INFO: [Synth 8-638] synthesizing module 'Controlador_Farol' [C:/Users/AC Tecnologia/Documents/Projetos VHDL/Vivado 2017.4/TP4-2/TP4-2.srcs/sources_1/new/Controlador_Farol.vhd:43]
INFO: [Synth 8-3491] module 'CLock' declared at 'C:/Users/AC Tecnologia/Documents/Projetos VHDL/Vivado 2017.4/TP4-2/TP4-2.srcs/sources_1/new/CLock.vhd:34' bound to instance 'sinalCLK' of component 'CLock' [C:/Users/AC Tecnologia/Documents/Projetos VHDL/Vivado 2017.4/TP4-2/TP4-2.srcs/sources_1/new/Controlador_Farol.vhd:52]
INFO: [Synth 8-638] synthesizing module 'CLock' [C:/Users/AC Tecnologia/Documents/Projetos VHDL/Vivado 2017.4/TP4-2/TP4-2.srcs/sources_1/new/CLock.vhd:40]
	Parameter tempo bound to: 32'b10100100110001101000000000000000 
INFO: [Synth 8-256] done synthesizing module 'CLock' (1#1) [C:/Users/AC Tecnologia/Documents/Projetos VHDL/Vivado 2017.4/TP4-2/TP4-2.srcs/sources_1/new/CLock.vhd:40]
INFO: [Synth 8-256] done synthesizing module 'Controlador_Farol' (2#1) [C:/Users/AC Tecnologia/Documents/Projetos VHDL/Vivado 2017.4/TP4-2/TP4-2.srcs/sources_1/new/Controlador_Farol.vhd:43]
---------------------------------------------------------------------------------
Finished RTL Elaboration : Time (s): cpu = 00:00:05 ; elapsed = 00:00:06 . Memory (MB): peak = 398.055 ; gain = 152.383
---------------------------------------------------------------------------------

Report Check Netlist: 
+------+------------------+-------+---------+-------+------------------+
|      |Item              |Errors |Warnings |Status |Description       |
+------+------------------+-------+---------+-------+------------------+
|1     |multi_driven_nets |      0|        0|Passed |Multi driven nets |
+------+------------------+-------+---------+-------+------------------+
---------------------------------------------------------------------------------
Finished RTL Optimization Phase 1 : Time (s): cpu = 00:00:05 ; elapsed = 00:00:06 . Memory (MB): peak = 398.055 ; gain = 152.383
---------------------------------------------------------------------------------
INFO: [Device 21-403] Loading part xc7a35tcpg236-1
INFO: [Project 1-570] Preparing netlist for logic optimization

Processing XDC Constraints
Initializing timing engine
Parsing XDC File [C:/Users/AC Tecnologia/Documents/Projetos VHDL/Vivado 2017.4/TP4-2/TP4-2.srcs/constrs_1/imports/Vivado 2017.4/Basys3_Master.xdc]
Finished Parsing XDC File [C:/Users/AC Tecnologia/Documents/Projetos VHDL/Vivado 2017.4/TP4-2/TP4-2.srcs/constrs_1/imports/Vivado 2017.4/Basys3_Master.xdc]
INFO: [Project 1-236] Implementation specific constraints were found while reading constraint file [C:/Users/AC Tecnologia/Documents/Projetos VHDL/Vivado 2017.4/TP4-2/TP4-2.srcs/constrs_1/imports/Vivado 2017.4/Basys3_Master.xdc]. These constraints will be ignored for synthesis but will be used in implementation. Impacted constraints are listed in the file [.Xil/Controlador_Farol_propImpl.xdc].
Resolution: To avoid this warning, move constraints listed in [.Xil/Controlador_Farol_propImpl.xdc] to another XDC file and exclude this new file from synthesis with the used_in_synthesis property (File Properties dialog in GUI) and re-run elaboration/synthesis.
Completed Processing XDC Constraints

INFO: [Project 1-111] Unisim Transformation Summary:
No Unisim elements were transformed.

Constraint Validation Runtime : Time (s): cpu = 00:00:00 ; elapsed = 00:00:00.003 . Memory (MB): peak = 724.020 ; gain = 0.000
---------------------------------------------------------------------------------
Finished Constraint Validation : Time (s): cpu = 00:00:16 ; elapsed = 00:00:17 . Memory (MB): peak = 724.020 ; gain = 478.348
---------------------------------------------------------------------------------
---------------------------------------------------------------------------------
Start Loading Part and Timing Information
---------------------------------------------------------------------------------
Loading part: xc7a35tcpg236-1
---------------------------------------------------------------------------------
Finished Loading Part and Timing Information : Time (s): cpu = 00:00:16 ; elapsed = 00:00:17 . Memory (MB): peak = 724.020 ; gain = 478.348
---------------------------------------------------------------------------------
---------------------------------------------------------------------------------
Start Applying 'set_property' XDC Constraints
---------------------------------------------------------------------------------
---------------------------------------------------------------------------------
Finished applying 'set_property' XDC Constraints : Time (s): cpu = 00:00:16 ; elapsed = 00:00:17 . Memory (MB): peak = 724.020 ; gain = 478.348
---------------------------------------------------------------------------------
INFO: [Synth 8-5545] ROM "newClock" won't be mapped to RAM because address size (26) is larger than maximum supported(25)
INFO: [Synth 8-802] inferred FSM for state register 'cState_reg' in module 'Controlador_Farol'
INFO: [Synth 8-5544] ROM "R" won't be mapped to Block RAM because address size (3) smaller than threshold (5)
INFO: [Synth 8-5544] ROM "L" won't be mapped to Block RAM because address size (3) smaller than threshold (5)
INFO: [Synth 8-5544] ROM "nextState" won't be mapped to Block RAM because address size (1) smaller than threshold (5)
INFO: [Synth 8-5544] ROM "nextState" won't be mapped to Block RAM because address size (1) smaller than threshold (5)
INFO: [Synth 8-5544] ROM "nextState" won't be mapped to Block RAM because address size (1) smaller than threshold (5)
INFO: [Synth 8-5544] ROM "nextState" won't be mapped to Block RAM because address size (1) smaller than threshold (5)
WARNING: [Synth 8-327] inferring latch for variable 'nextState_reg' [C:/Users/AC Tecnologia/Documents/Projetos VHDL/Vivado 2017.4/TP4-2/TP4-2.srcs/sources_1/new/Controlador_Farol.vhd:88]
WARNING: [Synth 8-327] inferring latch for variable 'nextState_reg' [C:/Users/AC Tecnologia/Documents/Projetos VHDL/Vivado 2017.4/TP4-2/TP4-2.srcs/sources_1/new/Controlador_Farol.vhd:88]
---------------------------------------------------------------------------------------------------
                   State |                     New Encoding |                Previous Encoding 
---------------------------------------------------------------------------------------------------
                    idle |                              000 |                              000
                      l1 |                              001 |                              001
                      l2 |                              010 |                              010
                      l3 |                              011 |                              011
                      r1 |                              100 |                              100
                      r2 |                              101 |                              101
                      r3 |                              110 |                              110
                     lr3 |                              111 |                              111
---------------------------------------------------------------------------------------------------
INFO: [Synth 8-3354] encoded FSM with state register 'cState_reg' using encoding 'sequential' in module 'Controlador_Farol'
WARNING: [Synth 8-327] inferring latch for variable 'FSM_sequential_nextState_reg' [C:/Users/AC Tecnologia/Documents/Projetos VHDL/Vivado 2017.4/TP4-2/TP4-2.srcs/sources_1/new/Controlador_Farol.vhd:88]
---------------------------------------------------------------------------------
Finished RTL Optimization Phase 2 : Time (s): cpu = 00:00:16 ; elapsed = 00:00:18 . Memory (MB): peak = 724.020 ; gain = 478.348
---------------------------------------------------------------------------------

Report RTL Partitions: 
+-+--------------+------------+----------+
| |RTL Partition |Replication |Instances |
+-+--------------+------------+----------+
+-+--------------+------------+----------+
---------------------------------------------------------------------------------
Start RTL Component Statistics 
---------------------------------------------------------------------------------
Detailed RTL Component Info : 
+---Adders : 
	   2 Input     26 Bit       Adders := 1     
+---Registers : 
	               26 Bit    Registers := 1     
	                1 Bit    Registers := 1     
+---Muxes : 
	   2 Input     26 Bit        Muxes := 1     
	   8 Input      3 Bit        Muxes := 2     
	  16 Input      3 Bit        Muxes := 1     
	   2 Input      1 Bit        Muxes := 3     
	   5 Input      1 Bit        Muxes := 1     
	   8 Input      1 Bit        Muxes := 2     
---------------------------------------------------------------------------------
Finished RTL Component Statistics 
---------------------------------------------------------------------------------
---------------------------------------------------------------------------------
Start RTL Hierarchical Component Statistics 
---------------------------------------------------------------------------------
Hierarchical RTL Component report 
Module Controlador_Farol 
Detailed RTL Component Info : 
+---Muxes : 
	   8 Input      3 Bit        Muxes := 2     
	  16 Input      3 Bit        Muxes := 1     
	   5 Input      1 Bit        Muxes := 1     
	   8 Input      1 Bit        Muxes := 2     
	   2 Input      1 Bit        Muxes := 2     
Module CLock 
Detailed RTL Component Info : 
+---Adders : 
	   2 Input     26 Bit       Adders := 1     
+---Registers : 
	               26 Bit    Registers := 1     
	                1 Bit    Registers := 1     
+---Muxes : 
	   2 Input     26 Bit        Muxes := 1     
	   2 Input      1 Bit        Muxes := 1     
---------------------------------------------------------------------------------
Finished RTL Hierarchical Component Statistics
---------------------------------------------------------------------------------
---------------------------------------------------------------------------------
Start Part Resource Summary
---------------------------------------------------------------------------------
Part Resources:
DSPs: 90 (col length:60)
BRAMs: 100 (col length: RAMB18 60 RAMB36 30)
---------------------------------------------------------------------------------
Finished Part Resource Summary
---------------------------------------------------------------------------------
---------------------------------------------------------------------------------
Start Cross Boundary and Area Optimization
---------------------------------------------------------------------------------
INFO: [Synth 8-5545] ROM "sinalCLK/newClock" won't be mapped to RAM because address size (26) is larger than maximum supported(25)
---------------------------------------------------------------------------------
Finished Cross Boundary and Area Optimization : Time (s): cpu = 00:00:17 ; elapsed = 00:00:19 . Memory (MB): peak = 724.020 ; gain = 478.348
---------------------------------------------------------------------------------

Report RTL Partitions: 
+-+--------------+------------+----------+
| |RTL Partition |Replication |Instances |
+-+--------------+------------+----------+
+-+--------------+------------+----------+
---------------------------------------------------------------------------------
Start Applying XDC Timing Constraints
---------------------------------------------------------------------------------
---------------------------------------------------------------------------------
Finished Applying XDC Timing Constraints : Time (s): cpu = 00:00:25 ; elapsed = 00:00:27 . Memory (MB): peak = 724.020 ; gain = 478.348
---------------------------------------------------------------------------------
---------------------------------------------------------------------------------
Start Timing Optimization
---------------------------------------------------------------------------------
---------------------------------------------------------------------------------
Finished Timing Optimization : Time (s): cpu = 00:00:25 ; elapsed = 00:00:27 . Memory (MB): peak = 739.152 ; gain = 493.480
---------------------------------------------------------------------------------

Report RTL Partitions: 
+-+--------------+------------+----------+
| |RTL Partition |Replication |Instances |
+-+--------------+------------+----------+
+-+--------------+------------+----------+
---------------------------------------------------------------------------------
Start Technology Mapping
---------------------------------------------------------------------------------
WARNING: [Synth 8-3332] Sequential element (FSM_sequential_nextState_reg[2]) is unused and will be removed from module Controlador_Farol.
WARNING: [Synth 8-3332] Sequential element (FSM_sequential_nextState_reg[1]) is unused and will be removed from module Controlador_Farol.
WARNING: [Synth 8-3332] Sequential element (FSM_sequential_nextState_reg[0]) is unused and will be removed from module Controlador_Farol.
---------------------------------------------------------------------------------
Finished Technology Mapping : Time (s): cpu = 00:00:25 ; elapsed = 00:00:27 . Memory (MB): peak = 739.957 ; gain = 494.285
---------------------------------------------------------------------------------

Report RTL Partitions: 
+-+--------------+------------+----------+
| |RTL Partition |Replication |Instances |
+-+--------------+------------+----------+
+-+--------------+------------+----------+
---------------------------------------------------------------------------------
Start IO Insertion
---------------------------------------------------------------------------------
---------------------------------------------------------------------------------
Start Flattening Before IO Insertion
---------------------------------------------------------------------------------
---------------------------------------------------------------------------------
Finished Flattening Before IO Insertion
---------------------------------------------------------------------------------
---------------------------------------------------------------------------------
Start Final Netlist Cleanup
---------------------------------------------------------------------------------
---------------------------------------------------------------------------------
Finished Final Netlist Cleanup
---------------------------------------------------------------------------------
---------------------------------------------------------------------------------
Finished IO Insertion : Time (s): cpu = 00:00:26 ; elapsed = 00:00:28 . Memory (MB): peak = 739.957 ; gain = 494.285
---------------------------------------------------------------------------------

Report Check Netlist: 
+------+------------------+-------+---------+-------+------------------+
|      |Item              |Errors |Warnings |Status |Description       |
+------+------------------+-------+---------+-------+------------------+
|1     |multi_driven_nets |      0|        0|Passed |Multi driven nets |
+------+------------------+-------+---------+-------+------------------+
---------------------------------------------------------------------------------
Start Renaming Generated Instances
---------------------------------------------------------------------------------
---------------------------------------------------------------------------------
Finished Renaming Generated Instances : Time (s): cpu = 00:00:26 ; elapsed = 00:00:28 . Memory (MB): peak = 739.957 ; gain = 494.285
---------------------------------------------------------------------------------

Report RTL Partitions: 
+-+--------------+------------+----------+
| |RTL Partition |Replication |Instances |
+-+--------------+------------+----------+
+-+--------------+------------+----------+
---------------------------------------------------------------------------------
Start Rebuilding User Hierarchy
---------------------------------------------------------------------------------
---------------------------------------------------------------------------------
Finished Rebuilding User Hierarchy : Time (s): cpu = 00:00:26 ; elapsed = 00:00:28 . Memory (MB): peak = 739.957 ; gain = 494.285
---------------------------------------------------------------------------------
---------------------------------------------------------------------------------
Start Renaming Generated Ports
---------------------------------------------------------------------------------
---------------------------------------------------------------------------------
Finished Renaming Generated Ports : Time (s): cpu = 00:00:26 ; elapsed = 00:00:28 . Memory (MB): peak = 739.957 ; gain = 494.285
---------------------------------------------------------------------------------
---------------------------------------------------------------------------------
Start Handling Custom Attributes
---------------------------------------------------------------------------------
---------------------------------------------------------------------------------
Finished Handling Custom Attributes : Time (s): cpu = 00:00:26 ; elapsed = 00:00:28 . Memory (MB): peak = 739.957 ; gain = 494.285
---------------------------------------------------------------------------------
---------------------------------------------------------------------------------
Start Renaming Generated Nets
---------------------------------------------------------------------------------
---------------------------------------------------------------------------------
Finished Renaming Generated Nets : Time (s): cpu = 00:00:26 ; elapsed = 00:00:28 . Memory (MB): peak = 739.957 ; gain = 494.285
---------------------------------------------------------------------------------
---------------------------------------------------------------------------------
Start Writing Synthesis Report
---------------------------------------------------------------------------------

Report BlackBoxes: 
+-+--------------+----------+
| |BlackBox name |Instances |
+-+--------------+----------+
+-+--------------+----------+

Report Cell Usage: 
+------+-------+------+
|      |Cell   |Count |
+------+-------+------+
|1     |BUFG   |     1|
|2     |CARRY4 |     7|
|3     |LUT1   |     2|
|4     |LUT2   |     3|
|5     |LUT3   |     3|
|6     |LUT4   |     5|
|7     |LUT5   |     2|
|8     |LUT6   |     3|
|9     |FDRE   |    30|
|10    |IBUF   |     4|
|11    |OBUF   |     6|
+------+-------+------+

Report Instance Areas: 
+------+-----------+-------+------+
|      |Instance   |Module |Cells |
+------+-----------+-------+------+
|1     |top        |       |    66|
|2     |  sinalCLK |CLock  |    44|
+------+-----------+-------+------+
---------------------------------------------------------------------------------
Finished Writing Synthesis Report : Time (s): cpu = 00:00:26 ; elapsed = 00:00:28 . Memory (MB): peak = 739.957 ; gain = 494.285
---------------------------------------------------------------------------------
Synthesis finished with 0 errors, 0 critical warnings and 6 warnings.
Synthesis Optimization Runtime : Time (s): cpu = 00:00:15 ; elapsed = 00:00:22 . Memory (MB): peak = 739.957 ; gain = 168.320
Synthesis Optimization Complete : Time (s): cpu = 00:00:26 ; elapsed = 00:00:28 . Memory (MB): peak = 739.957 ; gain = 494.285
INFO: [Project 1-571] Translating synthesized netlist
INFO: [Netlist 29-17] Analyzing 11 Unisim elements for replacement
INFO: [Netlist 29-28] Unisim Transformation completed in 0 CPU seconds
INFO: [Project 1-570] Preparing netlist for logic optimization
INFO: [Opt 31-138] Pushed 0 inverter(s) to 0 load pin(s).
INFO: [Project 1-111] Unisim Transformation Summary:
No Unisim elements were transformed.

INFO: [Common 17-83] Releasing license: Synthesis
27 Infos, 6 Warnings, 0 Critical Warnings and 0 Errors encountered.
synth_design completed successfully
synth_design: Time (s): cpu = 00:00:28 ; elapsed = 00:00:31 . Memory (MB): peak = 739.957 ; gain = 507.469
INFO: [Common 17-1381] The checkpoint 'C:/Users/AC Tecnologia/Documents/Projetos VHDL/Vivado 2017.4/TP4-2/TP4-2.runs/synth_1/Controlador_Farol.dcp' has been generated.
INFO: [runtcl-4] Executing : report_utilization -file Controlador_Farol_utilization_synth.rpt -pb Controlador_Farol_utilization_synth.pb
report_utilization: Time (s): cpu = 00:00:00 ; elapsed = 00:00:00.018 . Memory (MB): peak = 739.957 ; gain = 0.000
INFO: [Common 17-206] Exiting Vivado at Sun Sep 18 19:42:32 2022...
